<?xml version="1.0" encoding="UTF-8"?>
<!-- Generated by org.testng.reporters.JUnitReportReporter -->
<testsuite hostname="DESKTOP-6DOC790" failures="0" tests="1" name="Test.LoginTest" time="47.325" errors="0" timestamp="2024-04-29T20:01:34 PKT" skipped="0">
  <testcase classname="Test.LoginTest" name="claim" time="47.325"/>
  <system-out/>
</testsuite> <!-- Test.LoginTest -->
